<?xml version="1.0" encoding="UTF-8"?>
<robot generator="Robot 7.0 (Python 3.12.2 on win32)" generated="2024-03-18T19:40:25.591185" rpa="false" schemaversion="5">
<suite id="s1" name="Estrutura" source="c:\Projetos_2024\RobotFramework\Conhecendo_Estrutura\estrutura.robot">
<test id="s1-t1" name="Cenário 1: Abrir o navegador" line="22">
<kw name="abrir site do google">
<kw name="Open Browser" owner="SeleniumLibrary">
<msg time="2024-03-18T19:40:25.942225" level="INFO">Opening browser 'chrome' to base url 'https://www.google.com.br/'.</msg>
<arg>https://www.google.com.br/</arg>
<arg>chrome</arg>
<doc>Opens a new browser instance to the optional ``url``.</doc>
<status status="PASS" start="2024-03-18T19:40:25.941226" elapsed="6.094059"/>
</kw>
<status status="PASS" start="2024-03-18T19:40:25.940226" elapsed="6.096055"/>
</kw>
<kw name="fechar navegador">
<kw name="Close Browser" owner="SeleniumLibrary">
<doc>Closes the current browser.</doc>
<status status="PASS" start="2024-03-18T19:40:32.038286" elapsed="2.210989"/>
</kw>
<status status="PASS" start="2024-03-18T19:40:32.037337" elapsed="2.211938"/>
</kw>
<status status="PASS" start="2024-03-18T19:40:25.939221" elapsed="8.311032"/>
</test>
<test id="s1-t2" name="Cenário 2: Abrir o site da DIO" line="26">
<kw name="abrir site da DIO">
<kw name="Open Browser" owner="SeleniumLibrary">
<msg time="2024-03-18T19:40:34.253258" level="INFO">Opening browser 'chrome' to base url 'https://web.dio.me/home'.</msg>
<arg>https://web.dio.me/home</arg>
<arg>chrome</arg>
<doc>Opens a new browser instance to the optional ``url``.</doc>
<status status="PASS" start="2024-03-18T19:40:34.253258" elapsed="6.190209"/>
</kw>
<status status="PASS" start="2024-03-18T19:40:34.252262" elapsed="6.192209"/>
</kw>
<kw name="fechar navegador">
<kw name="Close Browser" owner="SeleniumLibrary">
<doc>Closes the current browser.</doc>
<status status="PASS" start="2024-03-18T19:40:40.445465" elapsed="2.222443"/>
</kw>
<status status="PASS" start="2024-03-18T19:40:40.445465" elapsed="2.223445"/>
</kw>
<status status="PASS" start="2024-03-18T19:40:34.252262" elapsed="8.417646"/>
</test>
<status status="PASS" start="2024-03-18T19:40:25.593205" elapsed="17.079674"/>
</suite>
<statistics>
<total>
<stat pass="2" fail="0" skip="0">All Tests</stat>
</total>
<tag>
</tag>
<suite>
<stat pass="2" fail="0" skip="0" id="s1" name="Estrutura">Estrutura</stat>
</suite>
</statistics>
<errors>
</errors>
</robot>
